\\hai2\Video gốc\Thomas\k4\90 - v534.mp4
\\hai2\Video gốc\Thomas\k2\170 - E384.H (sua).mp4
\\hai2\Video gốc\Thomas\k2\139 - E321.H - play.mp4
\\hai2\Video gốc\Thomas\k2\185 - E405.H.mp4
H:\Number\Number B 2.0\379GBE\379GBE.mp4
\\hai2\Video gốc\Thomas\k2\175 - E389.H - play.mp4
\\hai2\Video gốc\Thomas\k2\173- E387.H - play.mp4
\\hai2\Video gốc\Thomas\k3\102 - 2CG.mp4
\\hai2\Video gốc\Khay đen\k2 - Rainbow Satisfying\78 - v141.mp4
\\hai2\Video gốc\Thomas\k2\93 - E216.mp4
\\hai2\Video gốc\Thomas\k2\239 - v536.mp4
\\hai2\Video gốc\Thomas\k4\44 - E363.mp4
\\hai2\Video gốc\Thomas\k2\116 - v273.mp4
\\hai2\Video gốc\Thomas\k4\22- E278.mp4
\\hai2\Video gốc\Thomas\k2\113 - E262.mp4
\\hai2\Video gốc\Thomas\k2\219 - V477.mp4
\\hai2\Video gốc\Thomas\k4\101 - 5CF.mp4
\\hai2\Video gốc\Khay đen\k2 - Rainbow Satisfying\368 - 137CD.mp4
\\hai2\Video gốc\Thomas\k2\231 - V494.mp4
\\hai2\Video gốc\Thomas\k4\56 - v417.mp4
\\hai2\Video gốc\Thomas\k3\64 - V447.H.mp4
\\hai2\Video gốc\Khay đen\k1 - Satisfying ASMR\84 - v152.mp4
\\hai2\Video gốc\Thomas\k2\169 - E383.H (sua).mp4
\\hai2\Video gốc\Khay đen\k2 - Rainbow Satisfying\235 - v469.mp4
\\hai2\Video gốc\Thomas\k2\221 - V487.mp4
\\hai2\Video gốc\Thomas\k2\146 - E334.H - play (sửa).mp4
\\hai2\Video gốc\Thomas\k4\97 - V556.mp4
\\hai2\Video gốc\Khay đen\k2 - Rainbow Satisfying\V367 - 174.mp4
\\hai2\Video gốc\Thomas\k2\152 - E346.H - play.mp4
\\hai2\Video gốc\Thomas\k3\83 - V518.mp4
\\hai2\Video gốc\Thomas\k4\102 - 6CF.mp4
\\hai2\Video gốc\Thomas\k3\49 - E379.mp4
\\hai2\Video gốc\Thomas\k4\41 - E345.mp4
\\hai2\Video gốc\Thomas\k4\37 - E331.mp4
\\hai2\Video gốc\Thomas\k2\174 - E388.H (sua).mp4
\\hai2\Video gốc\Thomas\k2\153 - E347.mp4
\\hai2\Video gốc\Thomas\k2\55 - v138 sửa lại.mp4
\\hai2\Video gốc\Thomas\k4\51 - E399.mp4
H:\Number\Number A 2.0\483GDC\483GDC.mp4
\\hai2\Video gốc\Thomas\k2\154 - E354.H - play_1.mp4
\\hai2\Video gốc\Thomas\k3\41 - E344.mp4
\\hai2\Video gốc\Thomas\k2\122 - E282.mp4
